<?xml version="1.0" encoding="UTF-8"?>
<testng-results ignored="0" total="1" passed="1" failed="0" skipped="0">
  <reporter-output>
  </reporter-output>
  <suite started-at="2025-12-09T23:02:19 CST" name="Default suite" finished-at="2025-12-09T23:02:29 CST" duration-ms="10486">
    <groups>
    </groups>
    <test started-at="2025-12-09T23:02:19 CST" name="Default test" finished-at="2025-12-09T23:02:29 CST" duration-ms="10486">
      <class name="lambdaDemo.BaseTest">
        <test-method is-config="true" signature="setupCapabilities()[pri:0, instance:lambdaDemo.BaseTest@38d8f54a]" started-at="2025-12-09T23:02:19 CST" name="setupCapabilities" finished-at="2025-12-09T23:02:19 CST" duration-ms="52" status="PASS">
          <reporter-output>
          </reporter-output>
        </test-method> <!-- setupCapabilities -->
        <test-method is-config="true" signature="session()[pri:0, instance:lambdaDemo.BaseTest@38d8f54a]" started-at="2025-12-09T23:02:19 CST" name="session" finished-at="2025-12-09T23:02:29 CST" duration-ms="10072" status="PASS">
          <reporter-output>
          </reporter-output>
        </test-method> <!-- session -->
        <test-method signature="dummyTest()[pri:0, instance:lambdaDemo.BaseTest@38d8f54a]" started-at="2025-12-09T23:02:29 CST" name="dummyTest" finished-at="2025-12-09T23:02:29 CST" duration-ms="10" status="PASS">
          <reporter-output>
          </reporter-output>
        </test-method> <!-- dummyTest -->
        <test-method is-config="true" signature="tearDown()[pri:0, instance:lambdaDemo.BaseTest@38d8f54a]" started-at="2025-12-09T23:02:29 CST" name="tearDown" finished-at="2025-12-09T23:02:29 CST" duration-ms="277" status="PASS">
          <reporter-output>
          </reporter-output>
        </test-method> <!-- tearDown -->
      </class> <!-- lambdaDemo.BaseTest -->
    </test> <!-- Default test -->
  </suite> <!-- Default suite -->
</testng-results>
